<?xml version="1.0" encoding="UTF-8"?>
<!-- Generated by org.testng.reporters.JUnitReportReporter -->
<testsuite hostname="PC-SBARANOVA" name="js_errors.Js_checkout" tests="1" failures="0" timestamp="16 Mar 2015 07:08:10 GMT" time="30.116" errors="0">
  <testcase name="testUntitled4" time="30.116" classname="js_errors.Js_checkout"/>
</testsuite> <!-- js_errors.Js_checkout -->
