<?xml version="1.0" encoding="UTF-8"?>
<!-- Generated by org.testng.reporters.JUnitReportReporter -->
<testsuite hostname="PC-SBARANOVA" name="listing.Filter" tests="1" failures="0" timestamp="19 Mar 2015 10:15:17 GMT" time="22.597" errors="0">
  <testcase name="Filter" time="22.597" classname="listing.Filter"/>
</testsuite> <!-- listing.Filter -->
