<?xml version="1.0" encoding="UTF-8"?>
<!-- Generated by org.testng.reporters.JUnitReportReporter -->
<testsuite hostname="PC-SBARANOVA" name="wishlist.Create_delete_wishlist" tests="1" failures="0" timestamp="16 Mar 2015 14:10:21 GMT" time="73.416" errors="0">
  <testcase name="Create_delete_wishlist" time="73.416" classname="wishlist.Create_delete_wishlist"/>
</testsuite> <!-- wishlist.Create_delete_wishlist -->
