<?xml version="1.0" encoding="UTF-8"?>
<!-- Generated by org.testng.reporters.JUnitReportReporter -->
<testsuite hostname="PC-SBARANOVA" name="listing.Description" tests="1" failures="0" timestamp="16 Mar 2015 14:10:21 GMT" time="16.792" errors="0">
  <testcase name="Description" time="16.792" classname="listing.Description"/>
</testsuite> <!-- listing.Description -->
