<?xml version="1.0" encoding="UTF-8"?>
<!-- Generated by org.testng.reporters.JUnitReportReporter -->
<testsuite hostname="PC-SBARANOVA" name="js_errors.Js_cart" tests="1" failures="0" timestamp="16 Mar 2015 14:10:21 GMT" time="42.776" errors="0">
  <testcase name="Js_cart" time="42.776" classname="js_errors.Js_cart"/>
</testsuite> <!-- js_errors.Js_cart -->
