<?xml version="1.0" encoding="UTF-8"?>
<!-- Generated by org.testng.reporters.JUnitReportReporter -->
<testsuite hostname="Lana-laptop" name="home.Menu" tests="1" failures="0" timestamp="29 Sep 2014 08:27:47 GMT" time="5.983" errors="0">
  <testcase name="testUntitled3" time="5.983" classname="home.Menu"/>
</testsuite> <!-- home.Menu -->
