<?xml version="1.0" encoding="UTF-8"?>
<!-- Generated by org.testng.reporters.JUnitReportReporter -->
<testsuite hostname="PC-SBARANOVA" name="cart.Delete_cart" tests="1" failures="0" timestamp="16 Mar 2015 07:08:10 GMT" time="22.815" errors="0">
  <testcase name="testUntitled4" time="22.815" classname="cart.Delete_cart"/>
</testsuite> <!-- cart.Delete_cart -->
