<?xml version="1.0" encoding="UTF-8"?>
<!-- Generated by org.testng.reporters.JUnitReportReporter -->
<testsuite hostname="Lana-laptop" name="product.Video" tests="1" failures="0" timestamp="30 Sep 2014 06:57:09 GMT" time="12.109" errors="0">
  <testcase name="testUntitled6" time="12.109" classname="product.Video"/>
</testsuite> <!-- product.Video -->
