<?xml version="1.0" encoding="UTF-8"?>
<!-- Generated by org.testng.reporters.JUnitReportReporter -->
<testsuite hostname="PC-SBARANOVA" name="listing.Product_page" tests="1" failures="0" timestamp="16 Mar 2015 07:08:10 GMT" time="12.496" errors="0">
  <testcase name="testUntitled3" time="12.496" classname="listing.Product_page"/>
</testsuite> <!-- listing.Product_page -->
