<?xml version="1.0" encoding="UTF-8"?>
<!-- Generated by org.testng.reporters.JUnitReportReporter -->
<testsuite hostname="PC-SBARANOVA" name="wishlist.Add_delete_wishlist" tests="1" failures="0" timestamp="16 Mar 2015 14:10:21 GMT" time="69.684" errors="0">
  <testcase name="Add_delete_wishlist" time="69.684" classname="wishlist.Add_delete_wishlist"/>
</testsuite> <!-- wishlist.Add_delete_wishlist -->
