<?xml version="1.0" encoding="UTF-8"?>
<!-- Generated by org.testng.reporters.JUnitReportReporter -->
<testsuite hostname="PC-SBARANOVA" name="account.Edit_account" tests="1" failures="0" timestamp="16 Mar 2015 14:10:21 GMT" time="63.120" errors="0">
  <testcase name="Edit_account" time="63.120" classname="account.Edit_account"/>
</testsuite> <!-- account.Edit_account -->
