<?xml version="1.0" encoding="UTF-8"?>
<!-- Generated by org.testng.reporters.JUnitReportReporter -->
<testsuite hostname="PC-SBARANOVA" name="wishlist.Add_all_cart" tests="1" failures="0" timestamp="19 Mar 2015 10:15:17 GMT" time="94.681" errors="0">
  <testcase name="Add_all_cart" time="94.681" classname="wishlist.Add_all_cart"/>
</testsuite> <!-- wishlist.Add_all_cart -->
