<?xml version="1.0" encoding="UTF-8"?>
<!-- Generated by org.testng.reporters.JUnitReportReporter -->
<testsuite hostname="Lana-laptop" name="product.Reviews" tests="1" failures="0" timestamp="30 Sep 2014 12:38:40 GMT" time="15.508" errors="0">
  <testcase name="testUntitled9" time="15.508" classname="product.Reviews"/>
</testsuite> <!-- product.Reviews -->
