<?xml version="1.0" encoding="UTF-8"?>
<!-- Generated by org.testng.reporters.JUnitReportReporter -->
<testsuite hostname="PC-SBARANOVA" name="register.Invalide_fields" tests="1" failures="0" timestamp="16 Mar 2015 14:10:21 GMT" time="19.356" errors="0">
  <testcase name="Invalide_fields" time="19.356" classname="register.Invalide_fields"/>
</testsuite> <!-- register.Invalide_fields -->
