<?xml version="1.0" encoding="UTF-8"?>
<!-- Generated by org.testng.reporters.JUnitReportReporter -->
<testsuite hostname="PC-SBARANOVA" name="listing.Sort" tests="1" failures="0" timestamp="16 Mar 2015 14:10:21 GMT" time="35.760" errors="0">
  <testcase name="Sort" time="35.760" classname="listing.Sort"/>
</testsuite> <!-- listing.Sort -->
