<?xml version="1.0" encoding="UTF-8"?>
<!-- Generated by org.testng.reporters.JUnitReportReporter -->
<testsuite hostname="PC-SBARANOVA" name="listing.Img_hover" tests="1" failures="0" timestamp="16 Mar 2015 07:08:10 GMT" time="8.446" errors="0">
  <testcase name="testUntitled" time="8.446" classname="listing.Img_hover"/>
</testsuite> <!-- listing.Img_hover -->
