<?xml version="1.0" encoding="UTF-8"?>
<!-- Generated by org.testng.reporters.JUnitReportReporter -->
<testsuite hostname="PC-SBARANOVA" name="login.Invalid_field" tests="1" failures="0" timestamp="19 Mar 2015 10:15:17 GMT" time="24.675" errors="0">
  <testcase name="Invalid_field" time="24.675" classname="login.Invalid_field"/>
</testsuite> <!-- login.Invalid_field -->
