<?xml version="1.0" encoding="UTF-8"?>
<!-- Generated by org.testng.reporters.JUnitReportReporter -->
<testsuite hostname="PC-SBARANOVA" name="product.Wishlist" tests="1" failures="0" timestamp="19 Mar 2015 10:15:17 GMT" time="60.417" errors="0">
  <testcase name="Wishlist" time="60.417" classname="product.Wishlist"/>
</testsuite> <!-- product.Wishlist -->
