<?xml version="1.0" encoding="UTF-8"?>
<!-- Generated by org.testng.reporters.JUnitReportReporter -->
<testsuite hostname="Lana-laptop" name="listing.Description" tests="1" failures="0" timestamp="30 Sep 2014 06:31:12 GMT" time="16.499" errors="0">
  <testcase name="testUntitled4" time="16.499" classname="listing.Description"/>
</testsuite> <!-- listing.Description -->
