<?xml version="1.0" encoding="UTF-8"?>
<!-- Generated by org.testng.reporters.JUnitReportReporter -->
<testsuite hostname="PC-SBARANOVA" name="wishlist.Add_delete_wishlist" tests="1" failures="0" timestamp="19 Mar 2015 10:15:17 GMT" time="58.666" errors="0">
  <testcase name="Add_delete_wishlist" time="58.666" classname="wishlist.Add_delete_wishlist"/>
</testsuite> <!-- wishlist.Add_delete_wishlist -->
