<?xml version="1.0" encoding="UTF-8"?>
<!-- Generated by org.testng.reporters.JUnitReportReporter -->
<testsuite hostname="PC-SBARANOVA" name="home.Menu" tests="1" failures="0" timestamp="16 Mar 2015 07:08:10 GMT" time="4.181" errors="0">
  <testcase name="testUntitled3" time="4.181" classname="home.Menu"/>
</testsuite> <!-- home.Menu -->
