<?xml version="1.0" encoding="UTF-8"?>
<!-- Generated by org.testng.reporters.JUnitReportReporter -->
<testsuite hostname="PC-SBARANOVA" name="listing.Img_hover" tests="1" failures="0" timestamp="19 Mar 2015 10:15:17 GMT" time="13.479" errors="0">
  <testcase name="Img_hover" time="13.479" classname="listing.Img_hover"/>
</testsuite> <!-- listing.Img_hover -->
