<?xml version="1.0" encoding="UTF-8"?>
<!-- Generated by org.testng.reporters.JUnitReportReporter -->
<testsuite hostname="PC-SBARANOVA" name="login.Empty_field" tests="1" failures="0" timestamp="16 Mar 2015 14:10:21 GMT" time="14.120" errors="0">
  <testcase name="Empty_field" time="14.120" classname="login.Empty_field"/>
</testsuite> <!-- login.Empty_field -->
