<?xml version="1.0" encoding="UTF-8"?>
<!-- Generated by org.testng.reporters.JUnitReportReporter -->
<testsuite hostname="PC-SBARANOVA" name="product.Reviews" tests="1" failures="0" timestamp="16 Mar 2015 14:10:21 GMT" time="19.511" errors="0">
  <testcase name="Reviews" time="19.511" classname="product.Reviews"/>
</testsuite> <!-- product.Reviews -->
