<?xml version="1.0" encoding="UTF-8"?>
<!-- Generated by org.testng.reporters.JUnitReportReporter -->
<testsuite hostname="PC-SBARANOVA" name="home.Search" tests="1" failures="0" timestamp="19 Mar 2015 10:42:36 GMT" time="60.482" errors="0">
  <testcase name="Search" time="60.482" classname="home.Search"/>
</testsuite> <!-- home.Search -->
