<?xml version="1.0" encoding="UTF-8"?>
<!-- Generated by org.testng.reporters.JUnitReportReporter -->
<testsuite hostname="PC-SBARANOVA" name="js_errors.Js_error_account" tests="1" failures="0" timestamp="19 Mar 2015 10:15:17 GMT" time="26.083" errors="0">
  <testcase name="Js_error_account" time="26.083" classname="js_errors.Js_error_account"/>
</testsuite> <!-- js_errors.Js_error_account -->
