<?xml version="1.0" encoding="UTF-8"?>
<!-- Generated by org.testng.reporters.JUnitReportReporter -->
<testsuite hostname="PC-SBARANOVA" name="checkout.Order_logout" tests="1" failures="0" timestamp="19 Mar 2015 10:42:36 GMT" time="179.894" errors="0">
  <testcase name="Order_logout" time="179.894" classname="checkout.Order_logout"/>
</testsuite> <!-- checkout.Order_logout -->
