<?xml version="1.0" encoding="UTF-8"?>
<!-- Generated by org.testng.reporters.JUnitReportReporter -->
<testsuite hostname="Lana-laptop" name="listing.Next_page" tests="1" failures="0" timestamp="30 Sep 2014 06:16:15 GMT" time="21.782" errors="0">
  <testcase name="testUntitled2" time="21.782" classname="listing.Next_page"/>
</testsuite> <!-- listing.Next_page -->
