<?xml version="1.0" encoding="UTF-8"?>
<!-- Generated by org.testng.reporters.JUnitReportReporter -->
<testsuite hostname="Lana-laptop" name="cart.Add_cart" tests="1" failures="0" timestamp="1 Oct 2014 13:10:50 GMT" time="22.132" errors="0">
  <testcase name="testUntitled3" time="22.132" classname="cart.Add_cart"/>
</testsuite> <!-- cart.Add_cart -->
