<?xml version="1.0" encoding="UTF-8"?>
<!-- Generated by org.testng.reporters.JUnitReportReporter -->
<testsuite hostname="PC-SBARANOVA" name="product.Recently_viewed" tests="1" failures="0" timestamp="19 Mar 2015 11:12:55 GMT" time="136.047" errors="0">
  <testcase name="Recently_viewed" time="136.047" classname="product.Recently_viewed"/>
</testsuite> <!-- product.Recently_viewed -->
