<?xml version="1.0" encoding="UTF-8"?>
<!-- Generated by org.testng.reporters.JUnitReportReporter -->
<testsuite hostname="PC-SBARANOVA" name="listing.Next_page" tests="1" failures="0" timestamp="16 Mar 2015 07:08:10 GMT" time="19.649" errors="0">
  <testcase name="testUntitled2" time="19.649" classname="listing.Next_page"/>
</testsuite> <!-- listing.Next_page -->
