<?xml version="1.0" encoding="UTF-8"?>
<!-- Generated by org.testng.reporters.JUnitReportReporter -->
<testsuite hostname="Lana-laptop" name="cart.Edit" tests="1" failures="0" timestamp="1 Oct 2014 13:33:23 GMT" time="66.302" errors="0">
  <testcase name="testUntitled5" time="66.302" classname="cart.Edit"/>
</testsuite> <!-- cart.Edit -->
