<?xml version="1.0" encoding="UTF-8"?>
<!-- Generated by org.testng.reporters.JUnitReportReporter -->
<testsuite hostname="Lana-laptop" name="js_errors.Js_error_listing" tests="1" failures="0" timestamp="29 Sep 2014 06:59:49 GMT" time="1.842" errors="0">
  <testcase name="testUntitled4" time="1.842" classname="js_errors.Js_error_listing"/>
</testsuite> <!-- js_errors.Js_error_listing -->
