<?xml version="1.0" encoding="UTF-8"?>
<!-- Generated by org.testng.reporters.JUnitReportReporter -->
<testsuite hostname="PC-SBARANOVA" name="listing.Next_page" tests="1" failures="0" timestamp="19 Mar 2015 10:15:17 GMT" time="22.013" errors="0">
  <testcase name="Next_page" time="22.013" classname="listing.Next_page"/>
</testsuite> <!-- listing.Next_page -->
