<?xml version="1.0" encoding="UTF-8"?>
<!-- Generated by org.testng.reporters.JUnitReportReporter -->
<testsuite hostname="PC-SBARANOVA" name="register.Valide_fields" tests="1" failures="0" timestamp="19 Mar 2015 10:15:17 GMT" time="167.510" errors="0">
  <testcase name="Valide_fields" time="167.510" classname="register.Valide_fields"/>
</testsuite> <!-- register.Valide_fields -->
