<?xml version="1.0" encoding="UTF-8"?>
<!-- Generated by org.testng.reporters.JUnitReportReporter -->
<testsuite hostname="PC-SBARANOVA" name="cart.Checkout" tests="1" failures="0" timestamp="16 Mar 2015 07:08:10 GMT" time="93.932" errors="0">
  <testcase name="testUntitled3" time="93.932" classname="cart.Checkout"/>
</testsuite> <!-- cart.Checkout -->
