<?xml version="1.0" encoding="UTF-8"?>
<!-- Generated by org.testng.reporters.JUnitReportReporter -->
<testsuite hostname="PC-SBARANOVA" name="product.Options" tests="1" failures="0" timestamp="16 Mar 2015 14:10:21 GMT" time="46.188" errors="0">
  <testcase name="Options" time="46.188" classname="product.Options"/>
</testsuite> <!-- product.Options -->
