<?xml version="1.0" encoding="UTF-8"?>
<!-- Generated by org.testng.reporters.JUnitReportReporter -->
<testsuite hostname="PC-SBARANOVA" name="product.Options" tests="1" failures="0" timestamp="16 Mar 2015 07:08:10 GMT" time="35.334" errors="0">
  <testcase name="testUntitled7" time="35.334" classname="product.Options"/>
</testsuite> <!-- product.Options -->
