<?xml version="1.0" encoding="UTF-8"?>
<!-- Generated by org.testng.reporters.JUnitReportReporter -->
<testsuite hostname="PC-SBARANOVA" name="product.Image" tests="1" failures="0" timestamp="19 Mar 2015 10:15:17 GMT" time="22.716" errors="0">
  <testcase name="Image" time="22.716" classname="product.Image"/>
</testsuite> <!-- product.Image -->
