<?xml version="1.0" encoding="UTF-8"?>
<!-- Generated by org.testng.reporters.JUnitReportReporter -->
<testsuite hostname="PC-SBARANOVA" name="cart.Delete_cart" tests="1" failures="0" timestamp="19 Mar 2015 10:15:17 GMT" time="31.719" errors="0">
  <testcase name="Delete_cart" time="31.719" classname="cart.Delete_cart"/>
</testsuite> <!-- cart.Delete_cart -->
