<?xml version="1.0" encoding="UTF-8"?>
<!-- Generated by org.testng.reporters.JUnitReportReporter -->
<testsuite hostname="PC-SBARANOVA" name="product.Reviews" tests="1" failures="0" timestamp="16 Mar 2015 07:08:10 GMT" time="11.802" errors="0">
  <testcase name="testUntitled9" time="11.802" classname="product.Reviews"/>
</testsuite> <!-- product.Reviews -->
