<?xml version="1.0" encoding="UTF-8"?>
<!-- Generated by org.testng.reporters.JUnitReportReporter -->
<testsuite hostname="PC-SBARANOVA" name="cart.Checkout" tests="1" failures="0" timestamp="19 Mar 2015 10:15:17 GMT" time="101.884" errors="0">
  <testcase name="Checkout" time="101.884" classname="cart.Checkout"/>
</testsuite> <!-- cart.Checkout -->
