<?xml version="1.0" encoding="UTF-8"?>
<!-- Generated by org.testng.reporters.JUnitReportReporter -->
<testsuite hostname="PC-SBARANOVA" name="cart.Add_cart" tests="1" failures="0" timestamp="19 Mar 2015 10:15:17 GMT" time="34.402" errors="0">
  <testcase name="Add_cart" time="34.402" classname="cart.Add_cart"/>
</testsuite> <!-- cart.Add_cart -->
