<?xml version="1.0" encoding="UTF-8"?>
<!-- Generated by org.testng.reporters.JUnitReportReporter -->
<testsuite hostname="PC-SBARANOVA" name="cart.Edit" tests="1" failures="0" timestamp="16 Mar 2015 14:10:21 GMT" time="73.235" errors="0">
  <testcase name="Edit" time="73.235" classname="cart.Edit"/>
</testsuite> <!-- cart.Edit -->
