<?xml version="1.0" encoding="UTF-8"?>
<!-- Generated by org.testng.reporters.JUnitReportReporter -->
<testsuite hostname="PC-SBARANOVA" name="checkout.Email" tests="1" failures="0" timestamp="19 Mar 2015 10:42:36 GMT" time="321.882" errors="0">
  <testcase name="Email" time="321.882" classname="checkout.Email"/>
</testsuite> <!-- checkout.Email -->
