<?xml version="1.0" encoding="UTF-8"?>
<!-- Generated by org.testng.reporters.JUnitReportReporter -->
<testsuite hostname="PC-SBARANOVA" name="listing.Sort" tests="1" failures="0" timestamp="16 Mar 2015 07:08:10 GMT" time="26.357" errors="0">
  <testcase name="testUntitled5" time="26.357" classname="listing.Sort"/>
</testsuite> <!-- listing.Sort -->
