<?xml version="1.0" encoding="UTF-8"?>
<!-- Generated by org.testng.reporters.JUnitReportReporter -->
<testsuite hostname="PC-SBARANOVA" name="listing.Description" tests="1" failures="0" timestamp="19 Mar 2015 10:15:17 GMT" time="13.204" errors="0">
  <testcase name="Description" time="13.204" classname="listing.Description"/>
</testsuite> <!-- listing.Description -->
