<?xml version="1.0" encoding="UTF-8"?>
<!-- Generated by org.testng.reporters.JUnitReportReporter -->
<testsuite hostname="PC-SBARANOVA" name="product.Ask" tests="1" failures="0" timestamp="19 Mar 2015 10:15:17 GMT" time="156.200" errors="0">
  <testcase name="Ask" time="156.200" classname="product.Ask"/>
</testsuite> <!-- product.Ask -->
