<?xml version="1.0" encoding="UTF-8"?>
<!-- Generated by org.testng.reporters.JUnitReportReporter -->
<testsuite hostname="PC-SBARANOVA" name="wishlist.Share" tests="1" failures="0" timestamp="16 Mar 2015 14:10:21 GMT" time="142.736" errors="0">
  <testcase name="Share" time="142.736" classname="wishlist.Share"/>
</testsuite> <!-- wishlist.Share -->
