<?xml version="1.0" encoding="UTF-8"?>
<!-- Generated by org.testng.reporters.JUnitReportReporter -->
<testsuite hostname="PC-SBARANOVA" name="product.Ask" tests="1" failures="0" timestamp="16 Mar 2015 07:08:10 GMT" time="150.089" errors="0">
  <testcase name="testUntitled10" time="150.089" classname="product.Ask"/>
</testsuite> <!-- product.Ask -->
