<?xml version="1.0" encoding="UTF-8"?>
<!-- Generated by org.testng.reporters.JUnitReportReporter -->
<testsuite hostname="Lana-laptop" name="listing.Product_page" tests="1" failures="0" timestamp="30 Sep 2014 06:20:05 GMT" time="32.154" errors="0">
  <testcase name="testUntitled3" time="32.154" classname="listing.Product_page"/>
</testsuite> <!-- listing.Product_page -->
