<?xml version="1.0" encoding="UTF-8"?>
<!-- Generated by org.testng.reporters.JUnitReportReporter -->
<testsuite hostname="PC-SBARANOVA" name="listing.Add_to_wishlist" tests="1" failures="0" timestamp="16 Mar 2015 14:10:21 GMT" time="117.751" errors="0">
  <testcase name="Add_to_wishlist" time="117.751" classname="listing.Add_to_wishlist"/>
</testsuite> <!-- listing.Add_to_wishlist -->
