<?xml version="1.0" encoding="UTF-8"?>
<!-- Generated by org.testng.reporters.JUnitReportReporter -->
<testsuite hostname="Lana-laptop" name="listing.Filter" tests="1" failures="0" timestamp="29 Sep 2014 10:42:35 GMT" time="21.941" errors="0">
  <testcase name="testUntitled4" time="21.941" classname="listing.Filter"/>
</testsuite> <!-- listing.Filter -->
