<?xml version="1.0" encoding="UTF-8"?>
<!-- Generated by org.testng.reporters.JUnitReportReporter -->
<testsuite hostname="PC-SBARANOVA" name="cart.Update" tests="1" failures="0" timestamp="19 Mar 2015 10:15:17 GMT" time="42.931" errors="0">
  <testcase name="Update" time="42.931" classname="cart.Update"/>
</testsuite> <!-- cart.Update -->
