<?xml version="1.0" encoding="UTF-8"?>
<!-- Generated by org.testng.reporters.JUnitReportReporter -->
<testsuite hostname="PC-SBARANOVA" name="listing.Product_page" tests="1" failures="0" timestamp="19 Mar 2015 10:15:17 GMT" time="26.668" errors="0">
  <testcase name="Product_page" time="26.668" classname="listing.Product_page"/>
</testsuite> <!-- listing.Product_page -->
