<?xml version="1.0" encoding="UTF-8"?>
<!-- Generated by org.testng.reporters.JUnitReportReporter -->
<testsuite hostname="PC-SBARANOVA" name="cart.Move_wishlist" tests="1" failures="0" timestamp="16 Mar 2015 14:10:21 GMT" time="95.385" errors="0">
  <testcase name="Move_wishlist" time="95.385" classname="cart.Move_wishlist"/>
</testsuite> <!-- cart.Move_wishlist -->
