<?xml version="1.0" encoding="UTF-8"?>
<!-- Generated by org.testng.reporters.JUnitReportReporter -->
<testsuite hostname="Lana-laptop" name="register.Invalide_fields" tests="1" failures="0" timestamp="6 Oct 2014 16:17:04 GMT" time="23.432" errors="0">
  <testcase name="testUntitled2" time="23.432" classname="register.Invalide_fields"/>
</testsuite> <!-- register.Invalide_fields -->
