<?xml version="1.0" encoding="UTF-8"?>
<!-- Generated by org.testng.reporters.JUnitReportReporter -->
<testsuite hostname="Lana-laptop" name="home.Search" tests="1" failures="0" timestamp="29 Sep 2014 07:47:53 GMT" time="40.355" errors="0">
  <testcase name="testUntitled2" time="40.355" classname="home.Search"/>
</testsuite> <!-- home.Search -->
