<?xml version="1.0" encoding="UTF-8"?>
<!-- Generated by org.testng.reporters.JUnitReportReporter -->
<testsuite hostname="PC-SBARANOVA" name="checkout.Order_login_customer" tests="1" failures="0" timestamp="16 Mar 2015 14:10:21 GMT" time="178.197" errors="0">
  <testcase name="Order_login_customer" time="178.197" classname="checkout.Order_login_customer"/>
</testsuite> <!-- checkout.Order_login_customer -->
