<?xml version="1.0" encoding="UTF-8"?>
<!-- Generated by org.testng.reporters.JUnitReportReporter -->
<testsuite hostname="PC-SBARANOVA" name="cart.Add_cart" tests="1" failures="0" timestamp="16 Mar 2015 07:08:10 GMT" time="27.086" errors="0">
  <testcase name="testUntitled3" time="27.086" classname="cart.Add_cart"/>
</testsuite> <!-- cart.Add_cart -->
