<?xml version="1.0" encoding="UTF-8"?>
<!-- Generated by org.testng.reporters.JUnitReportReporter -->
<testsuite hostname="PC-SBARANOVA" name="home.Menu" tests="1" failures="0" timestamp="16 Mar 2015 14:10:21 GMT" time="13.443" errors="0">
  <testcase name="Menu" time="13.443" classname="home.Menu"/>
</testsuite> <!-- home.Menu -->
