<?xml version="1.0" encoding="UTF-8"?>
<!-- Generated by org.testng.reporters.JUnitReportReporter -->
<testsuite hostname="Lana-laptop" name="login.Empty_field" tests="1" failures="0" timestamp="2 Oct 2014 14:10:35 GMT" time="10.251" errors="0">
  <testcase name="testUntitled4" time="10.251" classname="login.Empty_field"/>
</testsuite> <!-- login.Empty_field -->
