<?xml version="1.0" encoding="UTF-8"?>
<!-- Generated by org.testng.reporters.JUnitReportReporter -->
<testsuite hostname="PC-SBARANOVA" name="checkout.Order_login_customer" tests="1" failures="0" timestamp="19 Mar 2015 10:42:36 GMT" time="187.536" errors="0">
  <testcase name="Order_login_customer" time="187.536" classname="checkout.Order_login_customer"/>
</testsuite> <!-- checkout.Order_login_customer -->
