<?xml version="1.0" encoding="UTF-8"?>
<!-- Generated by org.testng.reporters.JUnitReportReporter -->
<testsuite hostname="Lana-laptop" name="cart.Coupon" tests="1" failures="0" timestamp="2 Oct 2014 07:01:52 GMT" time="106.644" errors="0">
  <testcase name="testUntitled2" time="106.644" classname="cart.Coupon"/>
</testsuite> <!-- cart.Coupon -->
