<?xml version="1.0" encoding="UTF-8"?>
<!-- Generated by org.testng.reporters.JUnitReportReporter -->
<testsuite hostname="PC-SBARANOVA" name="listing.Description" tests="1" failures="0" timestamp="16 Mar 2015 07:08:10 GMT" time="6.517" errors="0">
  <testcase name="testUntitled4" time="6.517" classname="listing.Description"/>
</testsuite> <!-- listing.Description -->
