<?xml version="1.0" encoding="UTF-8"?>
<!-- Generated by org.testng.reporters.JUnitReportReporter -->
<testsuite hostname="PC-SBARANOVA" name="checkout.Order_logout" tests="1" failures="0" timestamp="16 Mar 2015 14:10:21 GMT" time="172.387" errors="0">
  <testcase name="Order_logout" time="172.387" classname="checkout.Order_logout"/>
</testsuite> <!-- checkout.Order_logout -->
