<?xml version="1.0" encoding="UTF-8"?>
<!-- Generated by org.testng.reporters.JUnitReportReporter -->
<testsuite hostname="PC-SBARANOVA" name="product.Reviews" tests="1" failures="0" timestamp="19 Mar 2015 10:15:17 GMT" time="16.622" errors="0">
  <testcase name="Reviews" time="16.622" classname="product.Reviews"/>
</testsuite> <!-- product.Reviews -->
