<?xml version="1.0" encoding="UTF-8"?>
<!-- Generated by org.testng.reporters.JUnitReportReporter -->
<testsuite hostname="PC-SBARANOVA" name="js_errors.Js_error_home" tests="1" failures="0" timestamp="19 Mar 2015 10:15:17 GMT" time="10.221" errors="0">
  <testcase name="Js_error_home" time="10.221" classname="js_errors.Js_error_home"/>
</testsuite> <!-- js_errors.Js_error_home -->
