<?xml version="1.0" encoding="UTF-8"?>
<!-- Generated by org.testng.reporters.JUnitReportReporter -->
<testsuite hostname="PC-SBARANOVA" name="home.Menu" tests="1" failures="0" timestamp="19 Mar 2015 10:15:17 GMT" time="9.300" errors="0">
  <testcase name="Menu" time="9.300" classname="home.Menu"/>
</testsuite> <!-- home.Menu -->
