<?xml version="1.0" encoding="UTF-8"?>
<!-- Generated by org.testng.reporters.JUnitReportReporter -->
<testsuite hostname="PC-SBARANOVA" name="cart.Move_wishlist" tests="1" failures="0" timestamp="19 Mar 2015 10:15:17 GMT" time="84.110" errors="0">
  <testcase name="Move_wishlist" time="84.110" classname="cart.Move_wishlist"/>
</testsuite> <!-- cart.Move_wishlist -->
