<?xml version="1.0" encoding="UTF-8"?>
<!-- Generated by org.testng.reporters.JUnitReportReporter -->
<testsuite hostname="Lana-laptop" name="product.Image" tests="1" failures="0" timestamp="30 Sep 2014 06:51:16 GMT" time="14.195" errors="0">
  <testcase name="testUntitled5" time="14.195" classname="product.Image"/>
</testsuite> <!-- product.Image -->
