<?xml version="1.0" encoding="UTF-8"?>
<!-- Generated by org.testng.reporters.JUnitReportReporter -->
<testsuite hostname="PC-SBARANOVA" name="listing.Filter" tests="1" failures="0" timestamp="16 Mar 2015 14:10:21 GMT" time="29.153" errors="0">
  <testcase name="Filter" time="29.153" classname="listing.Filter"/>
</testsuite> <!-- listing.Filter -->
