<?xml version="1.0" encoding="UTF-8"?>
<!-- Generated by org.testng.reporters.JUnitReportReporter -->
<testsuite hostname="PC-SBARANOVA" name="listing.Next_page" tests="1" failures="0" timestamp="16 Mar 2015 14:10:21 GMT" time="29.706" errors="0">
  <testcase name="Next_page" time="29.706" classname="listing.Next_page"/>
</testsuite> <!-- listing.Next_page -->
