<?xml version="1.0" encoding="UTF-8"?>
<!-- Generated by org.testng.reporters.JUnitReportReporter -->
<testsuite hostname="PC-SBARANOVA" name="listing.Product_page" tests="1" failures="0" timestamp="16 Mar 2015 14:10:21 GMT" time="22.908" errors="0">
  <testcase name="Product_page" time="22.908" classname="listing.Product_page"/>
</testsuite> <!-- listing.Product_page -->
