<?xml version="1.0" encoding="UTF-8"?>
<!-- Generated by org.testng.reporters.JUnitReportReporter -->
<testsuite hostname="PC-SBARANOVA" name="js_errors.Js_error_register" tests="1" failures="0" timestamp="19 Mar 2015 10:15:16 GMT" time="9.015" errors="0">
  <testcase name="Js_error_register" time="9.015" classname="js_errors.Js_error_register"/>
</testsuite> <!-- js_errors.Js_error_register -->
