<?xml version="1.0" encoding="UTF-8"?>
<!-- Generated by org.testng.reporters.JUnitReportReporter -->
<testsuite hostname="PC-SBARANOVA" name="account.Menu" tests="1" failures="0" timestamp="19 Mar 2015 10:42:36 GMT" time="54.415" errors="0">
  <testcase name="Menu" time="54.415" classname="account.Menu"/>
</testsuite> <!-- account.Menu -->
