<?xml version="1.0" encoding="UTF-8"?>
<!-- Generated by org.testng.reporters.JUnitReportReporter -->
<testsuite hostname="PC-SBARANOVA" name="register.Invalide_fields" tests="1" failures="0" timestamp="19 Mar 2015 10:15:17 GMT" time="20.066" errors="0">
  <testcase name="Invalide_fields" time="20.066" classname="register.Invalide_fields"/>
</testsuite> <!-- register.Invalide_fields -->
