<?xml version="1.0" encoding="UTF-8"?>
<!-- Generated by org.testng.reporters.JUnitReportReporter -->
<testsuite hostname="Lana-laptop" name="listing.Add_to_wishlist" tests="1" failures="0" timestamp="30 Sep 2014 06:01:46 GMT" time="86.644" errors="0">
  <testcase name="testUntitled6" time="86.644" classname="listing.Add_to_wishlist"/>
</testsuite> <!-- listing.Add_to_wishlist -->
