<?xml version="1.0" encoding="UTF-8"?>
<!-- Generated by org.testng.reporters.JUnitReportReporter -->
<testsuite hostname="PC-SBARANOVA" name="js_errors.Js_error_product" tests="1" failures="0" timestamp="16 Mar 2015 07:08:10 GMT" time="5.530" errors="0">
  <testcase name="testUntitled4" time="5.530" classname="js_errors.Js_error_product"/>
</testsuite> <!-- js_errors.Js_error_product -->
