<?xml version="1.0" encoding="UTF-8"?>
<!-- Generated by org.testng.reporters.JUnitReportReporter -->
<testsuite hostname="PC-SBARANOVA" name="product.Image" tests="1" failures="0" timestamp="16 Mar 2015 14:10:21 GMT" time="24.533" errors="0">
  <testcase name="Image" time="24.533" classname="product.Image"/>
</testsuite> <!-- product.Image -->
