<?xml version="1.0" encoding="UTF-8"?>
<!-- Generated by org.testng.reporters.JUnitReportReporter -->
<testsuite hostname="PC-SBARANOVA" name="cart.Move_wishlist" tests="1" failures="0" timestamp="16 Mar 2015 07:08:10 GMT" time="82.144" errors="0">
  <testcase name="testUntitled" time="82.144" classname="cart.Move_wishlist"/>
</testsuite> <!-- cart.Move_wishlist -->
