<?xml version="1.0" encoding="UTF-8"?>
<!-- Generated by org.testng.reporters.JUnitReportReporter -->
<testsuite hostname="PC-SBARANOVA" name="listing.Img_hover" tests="1" failures="0" timestamp="16 Mar 2015 14:10:21 GMT" time="16.225" errors="0">
  <testcase name="Img_hover" time="16.225" classname="listing.Img_hover"/>
</testsuite> <!-- listing.Img_hover -->
