<?xml version="1.0" encoding="UTF-8"?>
<!-- Generated by org.testng.reporters.JUnitReportReporter -->
<testsuite hostname="PC-SBARANOVA" name="product.Ask" tests="1" failures="0" timestamp="16 Mar 2015 14:10:21 GMT" time="157.267" errors="0">
  <testcase name="Ask" time="157.267" classname="product.Ask"/>
</testsuite> <!-- product.Ask -->
