<?xml version="1.0" encoding="UTF-8"?>
<!-- Generated by org.testng.reporters.JUnitReportReporter -->
<testsuite hostname="PC-SBARANOVA" name="js_errors.Js_error_listing" tests="1" failures="0" timestamp="16 Mar 2015 07:08:10 GMT" time="3.880" errors="0">
  <testcase name="testUntitled4" time="3.880" classname="js_errors.Js_error_listing"/>
</testsuite> <!-- js_errors.Js_error_listing -->
