<?xml version="1.0" encoding="UTF-8"?>
<!-- Generated by org.testng.reporters.JUnitReportReporter -->
<testsuite hostname="PC-SBARANOVA" name="product.Options" tests="1" failures="0" timestamp="19 Mar 2015 10:42:36 GMT" time="45.246" errors="0">
  <testcase name="Options" time="45.246" classname="product.Options"/>
</testsuite> <!-- product.Options -->
