<?xml version="1.0" encoding="UTF-8"?>
<!-- Generated by org.testng.reporters.JUnitReportReporter -->
<testsuite hostname="Lana-laptop" name="js_errors.Ssl_checkout" tests="1" failures="0" timestamp="28 Oct 2014 12:31:04 GMT" time="24.795" errors="1">
  <testcase name="testUntitled4" time="24.795" classname="js_errors.Ssl_checkout">
    <error type="java.lang.AssertionError" message="expected:&lt;[]&gt; but was:&lt;[[2014-10-28T16:30:35+0400] [INFO] Could not read chrome manifest &#039;file:///C:/Program%20Files%20(x86)/Mozilla%20Firefox/chrome.manifest&#039;.
, [2014-10-28T16:30:35+0400] [WARNING] mutating the [[Prototype]] of an object will cause your code to run very slowly; instead create the object with the correct initial [[Prototype]] value using Object.create, [2014-10-28T16:30:35+0400] [INFO] 1414499434423	addons.manager	DEBUG	Loaded provider scope for resource://gre/modules/addons/XPIProvider.jsm: [&quot;XPIProvider&quot;]
, [2014-10-28T16:30:35+0400] [INFO] 1414499434424	addons.manager	DEBUG	Loaded provider scope for resource://gre/modules/LightweightThemeManager.jsm: [&quot;LightweightThemeManager&quot;]
, [2014-10-28T16:30:35+0400] [INFO] 1414499434426	addons.xpi	DEBUG	startup
, [2014-10-28T16:30:35+0400] [INFO] 1414499434426	addons.xpi	DEBUG	Skipping unavailable install location app-system-local
, [2014-10-28T16:30:35+0400] [INFO] 1414499434427	addons.xpi	DEBUG	Skipping unavailable install location app-system-share
, [2014-10-28T16:30:35+0400] [INFO] 1414499434427	addons.xpi	INFO	Mapping {972ce4c6-7e08-4474-a285-3208198ce6fd} to C:\Program Files (x86)\Mozilla Firefox\browser\extensions\{972ce4c6-7e08-4474-a285-3208198ce6fd}
, [2014-10-28T16:30:35+0400] [INFO] 1414499434428	addons.xpi	INFO	Mapping fxdriver@googlecode.com to C:\Users\Lana\AppData\Local\Temp\anonymous7137509997142767808webdriver-profile\extensions\fxdriver@googlecode.com
, [2014-10-28T16:30:35+0400] [INFO] 1414499434428	addons.xpi	DEBUG	Ignoring file entry whose name is not a valid add-on ID: C:\Users\Lana\AppData\Local\Temp\anonymous7137509997142767808webdriver-profile\extensions\webdriver-staging
, [2014-10-28T16:30:35+0400] [INFO] 1414499434428	addons.xpi	DEBUG	checkForChanges
, [2014-10-28T16:30:35+0400] [INFO] 1414499434436	addons.xpi	DEBUG	No changes found
, [2014-10-28T16:30:35+0400] [WARNING] Trying to re-register CID &#039;{e26dbdcd-d3ba-4ded-88c3-6cb07ee3e9e0}&#039; already registered by file:///C:/Users/Lana/AppData/Local/Temp/anonymous7137509997142767808webdriver-profile/extensions/fxdriver@googlecode.com/components/prompt-service.js., [2014-10-28T16:30:35+0400] [INFO] Native module at path &#039;C:\Users\Lana\AppData\Local\Temp\anonymous7137509997142767808webdriver-profile\extensions\fxdriver@googlecode.com\platform\WINNT_x86-msvc\components\imehandler.dll&#039; doesn&#039;t export symbol `NSModule`.
, [2014-10-28T16:30:35+0400] [INFO] Could not read chrome manifest &#039;file:///C:/Program%20Files%20(x86)/Mozilla%20Firefox/browser/extensions/%7B972ce4c6-7e08-4474-a285-3208198ce6fd%7D/chrome.manifest&#039;.
, [2014-10-28T16:30:35+0400] [WARNING] Неизвестное свойство «font-feature-settings».  Потерянное объявление., [2014-10-28T16:30:35+0400] [INFO] Warning: unrecognized command line flag -foreground
, [2014-10-28T16:30:36+0400] [INFO] Blocklist::_preloadBlocklistFile: blocklist is disabled
, [2014-10-28T16:30:43+0400] [WARNING] Данный Key event недоступен при использовании некоторых раскладок клавиатуры: ключ=«c» модификаторы=«accel,alt», [2014-10-28T16:30:46+0400] [WARNING] Неизвестное at-правило или ошибка при парсинге «@charset»., [2014-10-28T16:30:46+0400] [WARNING] Неизвестное at-правило или ошибка при парсинге «@import»., [2014-10-28T16:30:46+0400] [WARNING] Неизвестный псевдокласс или псевдоэлемент «-ms-input-placeholder».  Набор правил проигнорирован из-за плохого селектора., [2014-10-28T16:30:46+0400] [WARNING] Неизвестный псевдокласс или псевдоэлемент «-webkit-inner-spin-button».  Набор правил проигнорирован из-за плохого селектора., [2014-10-28T16:30:46+0400] [WARNING] Неизвестный псевдокласс или псевдоэлемент «-webkit-search-cancel-button».  Набор правил проигнорирован из-за плохого селектора., [2014-10-28T16:30:46+0400] [WARNING] Неизвестное свойство «zoom».  Потерянное объявление., [2014-10-28T16:30:46+0400] [WARNING] Ошибка при парсинге значения «cursor».  Потерянное объявление., [2014-10-28T16:30:46+0400] [WARNING] Неизвестное свойство «user-select».  Потерянное объявление., [2014-10-28T16:30:46+0400] [WARNING] Неизвестное свойство «user-select».  Потерянное объявление., [2014-10-28T16:30:46+0400] [WARNING] Неизвестное свойство «user-select».  Потерянное объявление., [2014-10-28T16:30:46+0400] [WARNING] Ошибка при парсинге значения «cursor».  Потерянное объявление., [2014-10-28T16:30:46+0400] [WARNING] Ошибка при парсинге значения «cursor».  Потерянное объявление., [2014-10-28T16:30:46+0400] [WARNING] Ошибка при парсинге значения «cursor».  Потерянное объявление., [2014-10-28T16:30:46+0400] [WARNING] Ошибка при парсинге значения «transition».  Потерянное объявление., [2014-10-28T16:30:46+0400] [WARNING] Ошибка при парсинге значения «transform».  Потерянное объявление., [2014-10-28T16:30:46+0400] [WARNING] Неизвестное свойство «user-select».  Потерянное объявление., [2014-10-28T16:30:46+0400] [WARNING] Неизвестное свойство «touch-action».  Потерянное объявление., [2014-10-28T16:30:46+0400] [WARNING] Ошибка при парсинге значения «cursor».  Потерянное объявление., [2014-10-28T16:30:46+0400] [WARNING] Неизвестное свойство «zoom».  Потерянное объявление., [2014-10-28T16:30:46+0400] [WARNING] Неизвестное свойство «touch-action».  Потерянное объявление., [2014-10-28T16:30:46+0400] [WARNING] Неизвестное свойство «touch-action».  Потерянное объявление., [2014-10-28T16:30:46+0400] [WARNING] Ожидалось «none» или «URL», но найдено «&quot;alpha(opacity=75)&quot;».  Ошибка при парсинге значения «filter».  Потерянное объявление., [2014-10-28T16:30:46+0400] [WARNING] Ожидалось «none» или «URL», но найдено «&quot;alpha(opacity=0)&quot;».  Ошибка при парсинге значения «filter».  Потерянное объявление., [2014-10-28T16:30:46+0400] [WARNING] Ожидалось «none» или «URL», но найдено «&quot;alpha(opacity=100)&quot;».  Ошибка при парсинге значения «filter».  Потерянное объявление., [2014-10-28T16:30:46+0400] [WARNING] Ожидалось «none» или «URL», но найдено «&quot;alpha(opacity=40)&quot;».  Ошибка при парсинге значения «filter».  Потерянное объявление., [2014-10-28T16:30:46+0400] [WARNING] Ожидалось «none» или «URL», но найдено «&quot;alpha(opacity=75)&quot;».  Ошибка при парсинге значения «filter».  Потерянное объявление., [2014-10-28T16:30:46+0400] [WARNING] Ожидалось «none» или «URL», но найдено «&quot;alpha(opacity=85)&quot;».  Ошибка при парсинге значения «filter».  Потерянное объявление., [2014-10-28T16:30:46+0400] [WARNING] Ожидалось «none» или «URL», но найдено «&quot;alpha(opacity=90)&quot;».  Ошибка при парсинге значения «filter».  Потерянное объявление., [2014-10-28T16:30:46+0400] [WARNING] Ожидалось «none» или «URL», но найдено «&quot;alpha(opacity=40)&quot;».  Ошибка при парсинге значения «filter».  Потерянное объявление., [2014-10-28T16:30:46+0400] [WARNING] Ожидалось «none» или «URL», но найдено «&quot;alpha(opacity=75)&quot;».  Ошибка при парсинге значения «filter».  Потерянное объявление., [2014-10-28T16:30:46+0400] [WARNING] Ожидалось «none» или «URL», но найдено «&quot;alpha(opacity=90)&quot;».  Ошибка при парсинге значения «filter».  Потерянное объявление., [2014-10-28T16:30:46+0400] [WARNING] Ожидалось «none» или «URL», но найдено «&quot;alpha(opacity=30)&quot;».  Ошибка при парсинге значения «filter».  Потерянное объявление., [2014-10-28T16:30:46+0400] [WARNING] Ожидалось «none» или «URL», но найдено «&quot;alpha(opacity=30)&quot;».  Ошибка при парсинге значения «filter».  Потерянное объявление., [2014-10-28T16:30:46+0400] [WARNING] Ожидалось «none» или «URL», но найдено «&quot;alpha(opacity=30)&quot;».  Ошибка при парсинге значения «filter».  Потерянное объявление., [2014-10-28T16:30:46+0400] [WARNING] Ожидалось «none» или «URL», но найдено «&quot;alpha(opacity=20)&quot;».  Ошибка при парсинге значения «filter».  Потерянное объявление., [2014-10-28T16:30:46+0400] [WARNING] Ожидалось «none» или «URL», но найдено «&quot;alpha(opacity=50)&quot;».  Ошибка при парсинге значения «filter».  Потерянное объявление., [2014-10-28T16:30:46+0400] [WARNING] Ожидалось «none» или «URL», но найдено «&quot;alpha(opacity=20)&quot;».  Ошибка при парсинге значения «filter».  Потерянное объявление., [2014-10-28T16:30:46+0400] [WARNING] Ожидалось «none» или «URL», но найдено «&quot;alpha(opacity=50)&quot;».  Ошибка при парсинге значения «filter».  Потерянное объявление., [2014-10-28T16:30:46+0400] [WARNING] Неизвестное свойство «user-select».  Потерянное объявление., [2014-10-28T16:30:46+0400] [WARNING] Неизвестное свойство «user-select».  Потерянное объявление., [2014-10-28T16:30:46+0400] [WARNING] Ошибка при парсинге значения «font».  Потерянное объявление., [2014-10-28T16:30:46+0400] [WARNING] Неизвестное свойство «user-select».  Потерянное объявление., [2014-10-28T16:30:46+0400] [WARNING] Неизвестное свойство «user-select».  Потерянное объявление., [2014-10-28T16:30:46+0400] [WARNING] Ожидалось «none» или «URL», но найдено «&quot;progid:DXImageTransform.Microsoft.Matrix(M11=1.0606601717798214, M12=1.0606601717798212, M21=-1.0606601717798212, M22=1.0606601717798214, SizingMethod=\&#039;auto expand\&#039;)&quot;».  Ошибка при парсинге значения «filter».  Потерянное объявление., [2014-10-28T16:30:46+0400] [WARNING] Неизвестное свойство «user-select».  Потерянное объявление., [2014-10-28T16:30:46+0400] [WARNING] Ожидалось «none» или «URL», но найдено «&quot;progid:DXImageTransform.Microsoft.Matrix(M11=1.0606601717798214, M12=1.0606601717798212, M21=-1.0606601717798212, M22=1.0606601717798214, SizingMethod=\&#039;auto expand\&#039;)&quot;».  Ошибка при парсинге значения «filter».  Потерянное объявление., [2014-10-28T16:30:46+0400] [WARNING] Ожидалось имя медиа-функции, но найдено «touch-enabled»., [2014-10-28T16:30:46+0400] [WARNING] Ожидалось имя медиа-функции, но найдено «-webkit-touch-enabled»., [2014-10-28T16:30:46+0400] [WARNING] Ожидалось имя медиа-функции, но найдено «-o-touch-enabled»., [2014-10-28T16:30:46+0400] [WARNING] Ожидалось имя медиа-функции, но найдено «-ms-touch-enabled»., [2014-10-28T16:30:46+0400] [WARNING] Ожидалось имя медиа-функции, но найдено «modernizr»., [2014-10-28T16:30:46+0400] [WARNING] Незащищённая (http://) страница содержит поля для ввода пароля. Это представляет собой угрозу безопасности, которая позволяет украсть учетные данные для входа пользователя., [2014-10-28T16:30:46+0400] [WARNING] Форма с незащищённым (http://) действием содержит поля для ввода пароля. Это представляет собой угрозу безопасности, которая позволяет украсть учетные данные для входа пользователя., [2014-10-28T16:30:48+0400] [WARNING] Запрос из постороннего источника заблокирован: Политика одного источника запрещает чтение удаленного ресурса на http://fonts.gstatic.com/s/ptsans/v8/jduSEW07_j4sIG_ERxiq4Q.woff. Это может быть исправлено путем перемещения ресурса в тот же домен или включением CORS., [2014-10-28T16:30:48+0400] [WARNING] Запрос из постороннего источника заблокирован: Политика одного источника запрещает чтение удаленного ресурса на http://fonts.gstatic.com/s/ptsans/v8/Pq7I38KtY37kAe5aYFKrSA.woff. Это может быть исправлено путем перемещения ресурса в тот же домен или включением CORS., [2014-10-28T16:30:48+0400] [WARNING] Запрос из постороннего источника заблокирован: Политика одного источника запрещает чтение удаленного ресурса на http://fonts.gstatic.com/s/ptsans/v8/HXiERDIZdwFzjXlbcMq7XPesZW2xOQ-xsNqO47m55DA.woff. Это может быть исправлено путем перемещения ресурса в тот же домен или включением CORS., [2014-10-28T16:30:48+0400] [WARNING] Запрос из постороннего источника заблокирован: Политика одного источника запрещает чтение удаленного ресурса на http://fonts.gstatic.com/s/ptsans/v8/lILlYDvubYemzYzN7GbLkBsxEYwM7FgeyaSgU71cLG0.woff. Это может быть исправлено путем перемещения ресурса в тот же домен или включением CORS., [2014-10-28T16:30:48+0400] [INFO] downloadable font: kern: Table discarded (font-family: &quot;PT Sans&quot; style:italic weight:normal stretch:normal src index:2)
source: http://fonts.gstatic.com/s/ptsans/v8/Pq7I38KtY37kAe5aYFKrSA.woff, [2014-10-28T16:30:48+0400] [INFO] downloadable font: kern: Table discarded (font-family: &quot;PT Sans&quot; style:normal weight:normal stretch:normal src index:2)
source: http://fonts.gstatic.com/s/ptsans/v8/jduSEW07_j4sIG_ERxiq4Q.woff, [2014-10-28T16:30:48+0400] [INFO] downloadable font: kern: Table discarded (font-family: &quot;PT Sans&quot; style:italic weight:bold stretch:normal src index:2)
source: http://fonts.gstatic.com/s/ptsans/v8/lILlYDvubYemzYzN7GbLkBsxEYwM7FgeyaSgU71cLG0.woff, [2014-10-28T16:30:48+0400] [INFO] downloadable font: kern: Table discarded (font-family: &quot;PT Sans&quot; style:normal weight:bold stretch:normal src index:2)
source: http://fonts.gstatic.com/s/ptsans/v8/HXiERDIZdwFzjXlbcMq7XPesZW2xOQ-xsNqO47m55DA.woff]&gt;">
      <![CDATA[java.lang.AssertionError: expected:<[]> but was:<[[2014-10-28T16:30:35+0400] [INFO] Could not read chrome manifest 'file:///C:/Program%20Files%20(x86)/Mozilla%20Firefox/chrome.manifest'.
, [2014-10-28T16:30:35+0400] [WARNING] mutating the [[Prototype]] of an object will cause your code to run very slowly; instead create the object with the correct initial [[Prototype]] value using Object.create, [2014-10-28T16:30:35+0400] [INFO] 1414499434423	addons.manager	DEBUG	Loaded provider scope for resource://gre/modules/addons/XPIProvider.jsm: ["XPIProvider"]
, [2014-10-28T16:30:35+0400] [INFO] 1414499434424	addons.manager	DEBUG	Loaded provider scope for resource://gre/modules/LightweightThemeManager.jsm: ["LightweightThemeManager"]
, [2014-10-28T16:30:35+0400] [INFO] 1414499434426	addons.xpi	DEBUG	startup
, [2014-10-28T16:30:35+0400] [INFO] 1414499434426	addons.xpi	DEBUG	Skipping unavailable install location app-system-local
, [2014-10-28T16:30:35+0400] [INFO] 1414499434427	addons.xpi	DEBUG	Skipping unavailable install location app-system-share
, [2014-10-28T16:30:35+0400] [INFO] 1414499434427	addons.xpi	INFO	Mapping {972ce4c6-7e08-4474-a285-3208198ce6fd} to C:\Program Files (x86)\Mozilla Firefox\browser\extensions\{972ce4c6-7e08-4474-a285-3208198ce6fd}
, [2014-10-28T16:30:35+0400] [INFO] 1414499434428	addons.xpi	INFO	Mapping fxdriver@googlecode.com to C:\Users\Lana\AppData\Local\Temp\anonymous7137509997142767808webdriver-profile\extensions\fxdriver@googlecode.com
, [2014-10-28T16:30:35+0400] [INFO] 1414499434428	addons.xpi	DEBUG	Ignoring file entry whose name is not a valid add-on ID: C:\Users\Lana\AppData\Local\Temp\anonymous7137509997142767808webdriver-profile\extensions\webdriver-staging
, [2014-10-28T16:30:35+0400] [INFO] 1414499434428	addons.xpi	DEBUG	checkForChanges
, [2014-10-28T16:30:35+0400] [INFO] 1414499434436	addons.xpi	DEBUG	No changes found
, [2014-10-28T16:30:35+0400] [WARNING] Trying to re-register CID '{e26dbdcd-d3ba-4ded-88c3-6cb07ee3e9e0}' already registered by file:///C:/Users/Lana/AppData/Local/Temp/anonymous7137509997142767808webdriver-profile/extensions/fxdriver@googlecode.com/components/prompt-service.js., [2014-10-28T16:30:35+0400] [INFO] Native module at path 'C:\Users\Lana\AppData\Local\Temp\anonymous7137509997142767808webdriver-profile\extensions\fxdriver@googlecode.com\platform\WINNT_x86-msvc\components\imehandler.dll' doesn't export symbol `NSModule`.
, [2014-10-28T16:30:35+0400] [INFO] Could not read chrome manifest 'file:///C:/Program%20Files%20(x86)/Mozilla%20Firefox/browser/extensions/%7B972ce4c6-7e08-4474-a285-3208198ce6fd%7D/chrome.manifest'.
, [2014-10-28T16:30:35+0400] [WARNING] Неизвестное свойство «font-feature-settings».  Потерянное объявление., [2014-10-28T16:30:35+0400] [INFO] Warning: unrecognized command line flag -foreground
, [2014-10-28T16:30:36+0400] [INFO] Blocklist::_preloadBlocklistFile: blocklist is disabled
, [2014-10-28T16:30:43+0400] [WARNING] Данный Key event недоступен при использовании некоторых раскладок клавиатуры: ключ=«c» модификаторы=«accel,alt», [2014-10-28T16:30:46+0400] [WARNING] Неизвестное at-правило или ошибка при парсинге «@charset»., [2014-10-28T16:30:46+0400] [WARNING] Неизвестное at-правило или ошибка при парсинге «@import»., [2014-10-28T16:30:46+0400] [WARNING] Неизвестный псевдокласс или псевдоэлемент «-ms-input-placeholder».  Набор правил проигнорирован из-за плохого селектора., [2014-10-28T16:30:46+0400] [WARNING] Неизвестный псевдокласс или псевдоэлемент «-webkit-inner-spin-button».  Набор правил проигнорирован из-за плохого селектора., [2014-10-28T16:30:46+0400] [WARNING] Неизвестный псевдокласс или псевдоэлемент «-webkit-search-cancel-button».  Набор правил проигнорирован из-за плохого селектора., [2014-10-28T16:30:46+0400] [WARNING] Неизвестное свойство «zoom».  Потерянное объявление., [2014-10-28T16:30:46+0400] [WARNING] Ошибка при парсинге значения «cursor».  Потерянное объявление., [2014-10-28T16:30:46+0400] [WARNING] Неизвестное свойство «user-select».  Потерянное объявление., [2014-10-28T16:30:46+0400] [WARNING] Неизвестное свойство «user-select».  Потерянное объявление., [2014-10-28T16:30:46+0400] [WARNING] Неизвестное свойство «user-select».  Потерянное объявление., [2014-10-28T16:30:46+0400] [WARNING] Ошибка при парсинге значения «cursor».  Потерянное объявление., [2014-10-28T16:30:46+0400] [WARNING] Ошибка при парсинге значения «cursor».  Потерянное объявление., [2014-10-28T16:30:46+0400] [WARNING] Ошибка при парсинге значения «cursor».  Потерянное объявление., [2014-10-28T16:30:46+0400] [WARNING] Ошибка при парсинге значения «transition».  Потерянное объявление., [2014-10-28T16:30:46+0400] [WARNING] Ошибка при парсинге значения «transform».  Потерянное объявление., [2014-10-28T16:30:46+0400] [WARNING] Неизвестное свойство «user-select».  Потерянное объявление., [2014-10-28T16:30:46+0400] [WARNING] Неизвестное свойство «touch-action».  Потерянное объявление., [2014-10-28T16:30:46+0400] [WARNING] Ошибка при парсинге значения «cursor».  Потерянное объявление., [2014-10-28T16:30:46+0400] [WARNING] Неизвестное свойство «zoom».  Потерянное объявление., [2014-10-28T16:30:46+0400] [WARNING] Неизвестное свойство «touch-action».  Потерянное объявление., [2014-10-28T16:30:46+0400] [WARNING] Неизвестное свойство «touch-action».  Потерянное объявление., [2014-10-28T16:30:46+0400] [WARNING] Ожидалось «none» или «URL», но найдено «"alpha(opacity=75)"».  Ошибка при парсинге значения «filter».  Потерянное объявление., [2014-10-28T16:30:46+0400] [WARNING] Ожидалось «none» или «URL», но найдено «"alpha(opacity=0)"».  Ошибка при парсинге значения «filter».  Потерянное объявление., [2014-10-28T16:30:46+0400] [WARNING] Ожидалось «none» или «URL», но найдено «"alpha(opacity=100)"».  Ошибка при парсинге значения «filter».  Потерянное объявление., [2014-10-28T16:30:46+0400] [WARNING] Ожидалось «none» или «URL», но найдено «"alpha(opacity=40)"».  Ошибка при парсинге значения «filter».  Потерянное объявление., [2014-10-28T16:30:46+0400] [WARNING] Ожидалось «none» или «URL», но найдено «"alpha(opacity=75)"».  Ошибка при парсинге значения «filter».  Потерянное объявление., [2014-10-28T16:30:46+0400] [WARNING] Ожидалось «none» или «URL», но найдено «"alpha(opacity=85)"».  Ошибка при парсинге значения «filter».  Потерянное объявление., [2014-10-28T16:30:46+0400] [WARNING] Ожидалось «none» или «URL», но найдено «"alpha(opacity=90)"».  Ошибка при парсинге значения «filter».  Потерянное объявление., [2014-10-28T16:30:46+0400] [WARNING] Ожидалось «none» или «URL», но найдено «"alpha(opacity=40)"».  Ошибка при парсинге значения «filter».  Потерянное объявление., [2014-10-28T16:30:46+0400] [WARNING] Ожидалось «none» или «URL», но найдено «"alpha(opacity=75)"».  Ошибка при парсинге значения «filter».  Потерянное объявление., [2014-10-28T16:30:46+0400] [WARNING] Ожидалось «none» или «URL», но найдено «"alpha(opacity=90)"».  Ошибка при парсинге значения «filter».  Потерянное объявление., [2014-10-28T16:30:46+0400] [WARNING] Ожидалось «none» или «URL», но найдено «"alpha(opacity=30)"».  Ошибка при парсинге значения «filter».  Потерянное объявление., [2014-10-28T16:30:46+0400] [WARNING] Ожидалось «none» или «URL», но найдено «"alpha(opacity=30)"».  Ошибка при парсинге значения «filter».  Потерянное объявление., [2014-10-28T16:30:46+0400] [WARNING] Ожидалось «none» или «URL», но найдено «"alpha(opacity=30)"».  Ошибка при парсинге значения «filter».  Потерянное объявление., [2014-10-28T16:30:46+0400] [WARNING] Ожидалось «none» или «URL», но найдено «"alpha(opacity=20)"».  Ошибка при парсинге значения «filter».  Потерянное объявление., [2014-10-28T16:30:46+0400] [WARNING] Ожидалось «none» или «URL», но найдено «"alpha(opacity=50)"».  Ошибка при парсинге значения «filter».  Потерянное объявление., [2014-10-28T16:30:46+0400] [WARNING] Ожидалось «none» или «URL», но найдено «"alpha(opacity=20)"».  Ошибка при парсинге значения «filter».  Потерянное объявление., [2014-10-28T16:30:46+0400] [WARNING] Ожидалось «none» или «URL», но найдено «"alpha(opacity=50)"».  Ошибка при парсинге значения «filter».  Потерянное объявление., [2014-10-28T16:30:46+0400] [WARNING] Неизвестное свойство «user-select».  Потерянное объявление., [2014-10-28T16:30:46+0400] [WARNING] Неизвестное свойство «user-select».  Потерянное объявление., [2014-10-28T16:30:46+0400] [WARNING] Ошибка при парсинге значения «font».  Потерянное объявление., [2014-10-28T16:30:46+0400] [WARNING] Неизвестное свойство «user-select».  Потерянное объявление., [2014-10-28T16:30:46+0400] [WARNING] Неизвестное свойство «user-select».  Потерянное объявление., [2014-10-28T16:30:46+0400] [WARNING] Ожидалось «none» или «URL», но найдено «"progid:DXImageTransform.Microsoft.Matrix(M11=1.0606601717798214, M12=1.0606601717798212, M21=-1.0606601717798212, M22=1.0606601717798214, SizingMethod=\'auto expand\')"».  Ошибка при парсинге значения «filter».  Потерянное объявление., [2014-10-28T16:30:46+0400] [WARNING] Неизвестное свойство «user-select».  Потерянное объявление., [2014-10-28T16:30:46+0400] [WARNING] Ожидалось «none» или «URL», но найдено «"progid:DXImageTransform.Microsoft.Matrix(M11=1.0606601717798214, M12=1.0606601717798212, M21=-1.0606601717798212, M22=1.0606601717798214, SizingMethod=\'auto expand\')"».  Ошибка при парсинге значения «filter».  Потерянное объявление., [2014-10-28T16:30:46+0400] [WARNING] Ожидалось имя медиа-функции, но найдено «touch-enabled»., [2014-10-28T16:30:46+0400] [WARNING] Ожидалось имя медиа-функции, но найдено «-webkit-touch-enabled»., [2014-10-28T16:30:46+0400] [WARNING] Ожидалось имя медиа-функции, но найдено «-o-touch-enabled»., [2014-10-28T16:30:46+0400] [WARNING] Ожидалось имя медиа-функции, но найдено «-ms-touch-enabled»., [2014-10-28T16:30:46+0400] [WARNING] Ожидалось имя медиа-функции, но найдено «modernizr»., [2014-10-28T16:30:46+0400] [WARNING] Незащищённая (http://) страница содержит поля для ввода пароля. Это представляет собой угрозу безопасности, которая позволяет украсть учетные данные для входа пользователя., [2014-10-28T16:30:46+0400] [WARNING] Форма с незащищённым (http://) действием содержит поля для ввода пароля. Это представляет собой угрозу безопасности, которая позволяет украсть учетные данные для входа пользователя., [2014-10-28T16:30:48+0400] [WARNING] Запрос из постороннего источника заблокирован: Политика одного источника запрещает чтение удаленного ресурса на http://fonts.gstatic.com/s/ptsans/v8/jduSEW07_j4sIG_ERxiq4Q.woff. Это может быть исправлено путем перемещения ресурса в тот же домен или включением CORS., [2014-10-28T16:30:48+0400] [WARNING] Запрос из постороннего источника заблокирован: Политика одного источника запрещает чтение удаленного ресурса на http://fonts.gstatic.com/s/ptsans/v8/Pq7I38KtY37kAe5aYFKrSA.woff. Это может быть исправлено путем перемещения ресурса в тот же домен или включением CORS., [2014-10-28T16:30:48+0400] [WARNING] Запрос из постороннего источника заблокирован: Политика одного источника запрещает чтение удаленного ресурса на http://fonts.gstatic.com/s/ptsans/v8/HXiERDIZdwFzjXlbcMq7XPesZW2xOQ-xsNqO47m55DA.woff. Это может быть исправлено путем перемещения ресурса в тот же домен или включением CORS., [2014-10-28T16:30:48+0400] [WARNING] Запрос из постороннего источника заблокирован: Политика одного источника запрещает чтение удаленного ресурса на http://fonts.gstatic.com/s/ptsans/v8/lILlYDvubYemzYzN7GbLkBsxEYwM7FgeyaSgU71cLG0.woff. Это может быть исправлено путем перемещения ресурса в тот же домен или включением CORS., [2014-10-28T16:30:48+0400] [INFO] downloadable font: kern: Table discarded (font-family: "PT Sans" style:italic weight:normal stretch:normal src index:2)
source: http://fonts.gstatic.com/s/ptsans/v8/Pq7I38KtY37kAe5aYFKrSA.woff, [2014-10-28T16:30:48+0400] [INFO] downloadable font: kern: Table discarded (font-family: "PT Sans" style:normal weight:normal stretch:normal src index:2)
source: http://fonts.gstatic.com/s/ptsans/v8/jduSEW07_j4sIG_ERxiq4Q.woff, [2014-10-28T16:30:48+0400] [INFO] downloadable font: kern: Table discarded (font-family: "PT Sans" style:italic weight:bold stretch:normal src index:2)
source: http://fonts.gstatic.com/s/ptsans/v8/lILlYDvubYemzYzN7GbLkBsxEYwM7FgeyaSgU71cLG0.woff, [2014-10-28T16:30:48+0400] [INFO] downloadable font: kern: Table discarded (font-family: "PT Sans" style:normal weight:bold stretch:normal src index:2)
source: http://fonts.gstatic.com/s/ptsans/v8/HXiERDIZdwFzjXlbcMq7XPesZW2xOQ-xsNqO47m55DA.woff]>
	at org.junit.Assert.fail(Assert.java:88)
	at org.junit.Assert.failNotEquals(Assert.java:743)
	at org.junit.Assert.assertEquals(Assert.java:118)
	at org.junit.Assert.assertEquals(Assert.java:144)
	at js_errors.Ssl_checkout.testUntitled4(Ssl_checkout.java:57)
	at sun.reflect.NativeMethodAccessorImpl.invoke0(Native Method)
	at sun.reflect.NativeMethodAccessorImpl.invoke(NativeMethodAccessorImpl.java:57)
	at sun.reflect.DelegatingMethodAccessorImpl.invoke(DelegatingMethodAccessorImpl.java:43)
	at java.lang.reflect.Method.invoke(Method.java:606)
	at org.testng.internal.MethodInvocationHelper.invokeMethod(MethodInvocationHelper.java:84)
	at org.testng.internal.Invoker.invokeMethod(Invoker.java:714)
	at org.testng.internal.Invoker.invokeTestMethod(Invoker.java:901)
	at org.testng.internal.Invoker.invokeTestMethods(Invoker.java:1231)
	at org.testng.internal.TestMethodWorker.invokeTestMethods(TestMethodWorker.java:127)
	at org.testng.internal.TestMethodWorker.run(TestMethodWorker.java:111)
	at org.testng.TestRunner.privateRun(TestRunner.java:767)
	at org.testng.TestRunner.run(TestRunner.java:617)
	at org.testng.SuiteRunner.runTest(SuiteRunner.java:348)
	at org.testng.SuiteRunner.runSequentially(SuiteRunner.java:343)
	at org.testng.SuiteRunner.privateRun(SuiteRunner.java:305)
	at org.testng.SuiteRunner.run(SuiteRunner.java:254)
	at org.testng.SuiteRunnerWorker.runSuite(SuiteRunnerWorker.java:52)
	at org.testng.SuiteRunnerWorker.run(SuiteRunnerWorker.java:86)
	at org.testng.TestNG.runSuitesSequentially(TestNG.java:1224)
	at org.testng.TestNG.runSuitesLocally(TestNG.java:1149)
	at org.testng.TestNG.run(TestNG.java:1057)
	at org.apache.maven.surefire.testng.TestNGExecutor.run(TestNGExecutor.java:217)
	at org.apache.maven.surefire.testng.TestNGXmlTestSuite.execute(TestNGXmlTestSuite.java:84)
	at org.apache.maven.surefire.testng.TestNGProvider.invoke(TestNGProvider.java:92)
	at org.apache.maven.surefire.booter.ForkedBooter.invokeProviderInSameClassLoader(ForkedBooter.java:200)
	at org.apache.maven.surefire.booter.ForkedBooter.runSuitesInProcess(ForkedBooter.java:153)
	at org.apache.maven.surefire.booter.ForkedBooter.main(ForkedBooter.java:103)
]]>
    </error>
  </testcase> <!-- testUntitled4 -->
</testsuite> <!-- js_errors.Ssl_checkout -->
