<?xml version="1.0" encoding="UTF-8"?>
<!-- Generated by org.testng.reporters.JUnitReportReporter -->
<testsuite hostname="Lana-laptop" name="listing.Sort" tests="1" failures="0" timestamp="29 Sep 2014 10:51:22 GMT" time="26.861" errors="0">
  <testcase name="testUntitled5" time="26.861" classname="listing.Sort"/>
</testsuite> <!-- listing.Sort -->
