<?xml version="1.0" encoding="UTF-8"?>
<!-- Generated by org.testng.reporters.JUnitReportReporter -->
<testsuite hostname="PC-SBARANOVA" name="cart.Add_cart" tests="1" failures="0" timestamp="16 Mar 2015 14:10:21 GMT" time="37.404" errors="0">
  <testcase name="Add_cart" time="37.404" classname="cart.Add_cart"/>
</testsuite> <!-- cart.Add_cart -->
