<?xml version="1.0" encoding="UTF-8"?>
<!-- Generated by org.testng.reporters.JUnitReportReporter -->
<testsuite hostname="PC-SBARANOVA" name="login.Login" tests="1" failures="0" timestamp="19 Mar 2015 10:42:36 GMT" time="27.037" errors="0">
  <testcase name="Login" time="27.037" classname="login.Login"/>
</testsuite> <!-- login.Login -->
