<?xml version="1.0" encoding="UTF-8"?>
<!-- Generated by org.testng.reporters.JUnitReportReporter -->
<testsuite hostname="Lana-laptop" name="js_errors.Js_error_account" tests="1" failures="0" timestamp="29 Sep 2014 06:59:49 GMT" time="15.491" errors="0">
  <testcase name="testUntitled4" time="15.491" classname="js_errors.Js_error_account"/>
</testsuite> <!-- js_errors.Js_error_account -->
