<?xml version="1.0" encoding="UTF-8"?>
<!-- Generated by org.testng.reporters.JUnitReportReporter -->
<testsuite hostname="PC-SBARANOVA" name="js_errors.Js_error_product" tests="1" failures="0" timestamp="16 Mar 2015 14:10:21 GMT" time="14.074" errors="0">
  <testcase name="Js_error_product" time="14.074" classname="js_errors.Js_error_product"/>
</testsuite> <!-- js_errors.Js_error_product -->
