<?xml version="1.0" encoding="UTF-8"?>
<!-- Generated by org.testng.reporters.JUnitReportReporter -->
<testsuite hostname="Lana-laptop" name="cart.Update" tests="1" failures="0" timestamp="1 Oct 2014 13:51:21 GMT" time="40.774" errors="0">
  <testcase name="testUntitled6" time="40.774" classname="cart.Update"/>
</testsuite> <!-- cart.Update -->
