<?xml version="1.0" encoding="UTF-8"?>
<!-- Generated by org.testng.reporters.JUnitReportReporter -->
<testsuite hostname="PC-SBARANOVA" name="js_errors.Js_cart" tests="1" failures="0" timestamp="19 Mar 2015 10:15:17 GMT" time="40.499" errors="0">
  <testcase name="Js_cart" time="40.499" classname="js_errors.Js_cart"/>
</testsuite> <!-- js_errors.Js_cart -->
