<?xml version="1.0" encoding="UTF-8"?>
<!-- Generated by org.testng.reporters.JUnitReportReporter -->
<testsuite hostname="PC-SBARANOVA" name="login.Login" tests="1" failures="0" timestamp="16 Mar 2015 14:10:21 GMT" time="30.653" errors="0">
  <testcase name="Login" time="30.653" classname="login.Login"/>
</testsuite> <!-- login.Login -->
