<?xml version="1.0" encoding="UTF-8"?>
<!-- Generated by org.testng.reporters.JUnitReportReporter -->
<testsuite hostname="PC-SBARANOVA" name="cart.Update" tests="1" failures="0" timestamp="16 Mar 2015 07:08:10 GMT" time="28.139" errors="0">
  <testcase name="testUntitled6" time="28.139" classname="cart.Update"/>
</testsuite> <!-- cart.Update -->
