<?xml version="1.0" encoding="UTF-8"?>
<!-- Generated by org.testng.reporters.JUnitReportReporter -->
<testsuite hostname="PC-SBARANOVA" name="account.Edit_account" tests="1" failures="0" timestamp="19 Mar 2015 10:15:17 GMT" time="55.694" errors="0">
  <testcase name="Edit_account" time="55.694" classname="account.Edit_account"/>
</testsuite> <!-- account.Edit_account -->
