<?xml version="1.0" encoding="UTF-8"?>
<!-- Generated by org.testng.reporters.JUnitReportReporter -->
<testsuite hostname="PC-SBARANOVA" name="login.Invalid_field" tests="1" failures="0" timestamp="16 Mar 2015 14:10:21 GMT" time="25.437" errors="0">
  <testcase name="Invalid_field" time="25.437" classname="login.Invalid_field"/>
</testsuite> <!-- login.Invalid_field -->
