<?xml version="1.0" encoding="UTF-8"?>
<!-- Generated by org.testng.reporters.JUnitReportReporter -->
<testsuite hostname="PC-SBARANOVA" name="listing.Add_to_wishlist" tests="1" failures="0" timestamp="19 Mar 2015 10:15:17 GMT" time="114.945" errors="0">
  <testcase name="Add_to_wishlist" time="114.945" classname="listing.Add_to_wishlist"/>
</testsuite> <!-- listing.Add_to_wishlist -->
