<?xml version="1.0" encoding="UTF-8"?>
<!-- Generated by org.testng.reporters.JUnitReportReporter -->
<testsuite hostname="PC-SBARANOVA" name="wishlist.Add_all_cart" tests="1" failures="0" timestamp="16 Mar 2015 14:10:21 GMT" time="108.823" errors="0">
  <testcase name="Add_all_cart" time="108.823" classname="wishlist.Add_all_cart"/>
</testsuite> <!-- wishlist.Add_all_cart -->
