<?xml version="1.0" encoding="UTF-8"?>
<!-- Generated by org.testng.reporters.JUnitReportReporter -->
<testsuite hostname="PC-SBARANOVA" name="wishlist.Create_delete_wishlist" tests="1" failures="0" timestamp="19 Mar 2015 10:42:36 GMT" time="69.733" errors="0">
  <testcase name="Create_delete_wishlist" time="69.733" classname="wishlist.Create_delete_wishlist"/>
</testsuite> <!-- wishlist.Create_delete_wishlist -->
