<?xml version="1.0" encoding="UTF-8"?>
<!-- Generated by org.testng.reporters.JUnitReportReporter -->
<testsuite hostname="PC-SBARANOVA" name="account.Address" tests="1" failures="0" timestamp="16 Mar 2015 14:10:21 GMT" time="69.788" errors="0">
  <testcase name="Address" time="69.788" classname="account.Address"/>
</testsuite> <!-- account.Address -->
