<?xml version="1.0" encoding="UTF-8"?>
<!-- Generated by org.testng.reporters.JUnitReportReporter -->
<testsuite hostname="PC-SBARANOVA" name="login.Invalid_field" tests="1" failures="0" timestamp="16 Mar 2015 07:08:10 GMT" time="16.121" errors="0">
  <testcase name="testUntitled" time="16.121" classname="login.Invalid_field"/>
</testsuite> <!-- login.Invalid_field -->
