<?xml version="1.0" encoding="UTF-8"?>
<!-- Generated by org.testng.reporters.JUnitReportReporter -->
<testsuite hostname="PC-SBARANOVA" name="listing.Add_to_wishlist" tests="1" failures="0" timestamp="16 Mar 2015 07:08:10 GMT" time="107.820" errors="0">
  <testcase name="testUntitled6" time="107.820" classname="listing.Add_to_wishlist"/>
</testsuite> <!-- listing.Add_to_wishlist -->
