<?xml version="1.0" encoding="UTF-8"?>
<!-- Generated by org.testng.reporters.JUnitReportReporter -->
<testsuite hostname="PC-SBARANOVA" name="cart.Coupon" tests="1" failures="0" timestamp="16 Mar 2015 14:10:21 GMT" time="79.086" errors="0">
  <testcase name="Coupon" time="79.086" classname="cart.Coupon"/>
</testsuite> <!-- cart.Coupon -->
