<?xml version="1.0" encoding="UTF-8"?>
<!-- Generated by org.testng.reporters.JUnitReportReporter -->
<testsuite hostname="PC-SBARANOVA" name="register.Empty_field" tests="1" failures="0" timestamp="19 Mar 2015 10:15:17 GMT" time="10.820" errors="0">
  <testcase name="Empty_field" time="10.820" classname="register.Empty_field"/>
</testsuite> <!-- register.Empty_field -->
