<?xml version="1.0" encoding="UTF-8"?>
<!-- Generated by org.testng.reporters.JUnitReportReporter -->
<testsuite hostname="Lana-laptop" name="register.Empty_field" tests="1" failures="0" timestamp="6 Oct 2014 16:06:57 GMT" time="12.572" errors="0">
  <testcase name="testUntitled" time="12.572" classname="register.Empty_field"/>
</testsuite> <!-- register.Empty_field -->
