<?xml version="1.0" encoding="UTF-8"?>
<!-- Generated by org.testng.reporters.JUnitReportReporter -->
<testsuite hostname="PC-SBARANOVA" name="cart.Coupon" tests="1" failures="0" timestamp="19 Mar 2015 10:15:17 GMT" time="74.375" errors="0">
  <testcase name="Coupon" time="74.375" classname="cart.Coupon"/>
</testsuite> <!-- cart.Coupon -->
