<?xml version="1.0" encoding="UTF-8"?>
<!-- Generated by org.testng.reporters.JUnitReportReporter -->
<testsuite hostname="PC-SBARANOVA" name="cart.Edit" tests="1" failures="0" timestamp="16 Mar 2015 07:08:10 GMT" time="53.351" errors="0">
  <testcase name="testUntitled5" time="53.351" classname="cart.Edit"/>
</testsuite> <!-- cart.Edit -->
