<?xml version="1.0" encoding="UTF-8"?>
<!-- Generated by org.testng.reporters.JUnitReportReporter -->
<testsuite hostname="PC-SBARANOVA" name="wishlist.Add_cart" tests="1" failures="0" timestamp="16 Mar 2015 14:10:21 GMT" time="79.721" errors="0">
  <testcase name="Add_cart" time="79.721" classname="wishlist.Add_cart"/>
</testsuite> <!-- wishlist.Add_cart -->
