<?xml version="1.0" encoding="UTF-8"?>
<!-- Generated by org.testng.reporters.JUnitReportReporter -->
<testsuite hostname="PC-SBARANOVA" name="product.Wishlist" tests="1" failures="0" timestamp="16 Mar 2015 14:10:21 GMT" time="67.565" errors="0">
  <testcase name="Wishlist" time="67.565" classname="product.Wishlist"/>
</testsuite> <!-- product.Wishlist -->
